[02/02/25 22:25:56]                    brsccp  version 2.1.16 from 27.01.2024                                           
-------------------------------------------------------- BRSCCP --------------------------------------------------------
--------------------------------------------------- Input parameters ---------------------------------------------------
                    ligand_charge = -1                                                                                  
                    model_charge = -1                                                                                   
                    displacement_sigma = 0.0333333                                                                      
                    chain = ['A']                                                                                       
                    output_path = '2V8Xtrial'                                                                           
                    n_runs = 10                                                                                         
                    metals = ['ZN', 'CA', 'NA', 'HG', 'MG', 'FE']                                                       
                    remove_far_metals = True                                                                            
                    model_size = 5.5                                                                                    
                    min_distance = 3.5                                                                                  
                    remove_by_resname = ['CL', 'PO4', 'SO4', 'GOL', 'MES', 'PEG', 'ACT', 'HOH', 'EDO', 'IPA', 'EDO',    
                    'IPA']                                                                                              
                    add_by_resnumber = []                                                                               
                    remove_by_resnumber = []                                                                            
                    adding_atom_fixation = []                                                                           
                    removing_atom_fixation = []                                                                         
                    log_file_name = 'brsccp2V8X.log'                                                                    
                    solvation = 'alpb'                                                                                  
                    ligand_conformation_from_PDB = False                                                                
                    sphere_size_repl = 5.5                                                                              
                    calculation_from_heavy_atoms = True                                                                 
                    fix_h_bonds = True                                                                                  
                    fix_by_water = False                                                                                
                    water_contacts = -1                                                                                 
                    rotate_CR3 = False                                                                                  
                    skip_rotate_CR3 = [True, False]                                                                     
                    metals_bond_len = 2.5                                                                               
                    metal_charges = {'FE': 2, 'ZN': 2, 'MG': 2, 'NA': 1}                                                
                    fix_gly = False                                                                                     
                    random_seed = 42                                                                                    
                    pdb_file = '2V8X.pdb'                                                                               
                    model_name = '2V8X'                                                                                 
                    ligand_name = 'MGQ'                                                                                 
                    nprocs = 24                                                                                         
                    replacement_type = 'C-H->C-F'                                                                       
                    r_atom_name = 'HAH'                                                                                 
                    r_resid = 1218                                                                                      
                    r_resname = 'MGQ'                                                                                   
                    r_chain = 'A'                                                                                       
                    model_name_after_repl = '2V8Y'                                                                      
                    ligand_opt_level = 'vtight'                                                                         
                    model_opt_level = 'vtight'                                                                          
                    dry_run = False                                                                                     
                    bond_potential = 0.0                                                                                
                    revert_replacement = True                                                                           
                    revert_start = False                                                                                
                    fixation_algorithm = 2                                                                              
------------------------------------------------------------------------------------------------------------------------
                    WARNING   Directory '2V8Xtrial' does not exist                                                      
                    WARNING   PDBConstructionWarning: Chain A is discontinuous at line 6672.                            
                    WARNING   PDBConstructionWarning: Chain B is discontinuous at line 7143.                            
                    WARNING   PDBConstructionWarning: Chain E is discontinuous at line 7197.                            
[02/02/25 22:25:57] INFO      User ligand charge -1                                                                     
                    INFO      User whole-model charge -1                                                                
                    INFO      Running preoptimization...                                                                
[02/02/25 22:31:28] INFO      Done: 1 / 1                                                                               
[02/02/25 22:31:32] INFO      Nothing to do: path '2V8Xtrial/model/pre-opt' was already computed with program 'xtb'!    
[02/02/25 22:31:32] INFO      Done: 1 / 13                                                                              
[02/02/25 22:47:27] INFO      Done: 2 / 13                                                                              
[02/02/25 22:47:28] INFO      Done: 3 / 13                                                                              
[02/02/25 22:48:46] INFO      Done: 4 / 13                                                                              
[02/02/25 22:49:12] INFO      Done: 5 / 13                                                                              
[02/02/25 22:49:22] INFO      Done: 6 / 13                                                                              
[02/02/25 22:49:48] INFO      Done: 7 / 13                                                                              
[02/02/25 22:50:22] INFO      Done: 8 / 13                                                                              
[02/02/25 23:02:54] INFO      Done: 9 / 13                                                                              
[02/02/25 23:04:55] INFO      Done: 10 / 13                                                                             
[02/02/25 23:05:11] INFO      Done: 11 / 13                                                                             
[02/02/25 23:07:21] INFO      Done: 12 / 13                                                                             
[02/02/25 23:08:25] INFO      Done: 13 / 13                                                                             
[02/02/25 23:08:30] INFO      Best optimization trajectory: x00009; E=-697.849194118701 Eh                              
                    INFO      Structure x00006: -697.849176563122 Eh                                                    
                    INFO      Structure x00001: -697.849123322321 Eh                                                    
                    INFO      Structure x00002: -697.849009445555 Eh                                                    
                    INFO      Structure initial: -697.848965967659 Eh                                                   
                    WARNING    C2' @ MGQ(1218) has shift 1.1264949090518903 > 1.0 A!                                    
                    WARNING    O2' @ MGQ(1218) has shift 1.1423749968451447 > 1.0 A!                                    
                    WARNING    C3' @ MGQ(1218) has shift 1.396721719220792 > 1.0 A!                                     
                    WARNING    O3' @ MGQ(1218) has shift 1.6472397420169451 > 1.0 A!                                    
                    WARNING    C4' @ MGQ(1218) has shift 1.6319740643069447 > 1.0 A!                                    
                    WARNING    C5' @ MGQ(1218) has shift 1.9644728539667753 > 1.0 A!                                    
                    WARNING    O5' @ MGQ(1218) has shift 1.5326215693968928 > 1.0 A!                                    
                    WARNING    PBE @ MGQ(1218) has shift 1.7043216050699261 > 1.0 A!                                    
                    WARNING    OP2 @ MGQ(1218) has shift 1.6583036023715447 > 1.0 A!                                    
                    WARNING    OP3 @ MGQ(1218) has shift 1.9231689201923647 > 1.0 A!                                    
                    WARNING    OP1 @ MGQ(1218) has shift 1.4523277873053004 > 1.0 A!                                    
                    WARNING    CE  @ MET(101) has shift 1.2931159470242513 > 1.0 A!                                     
                    WARNING    CG2 @ VAL(153) has shift 1.2799893664105673 > 1.0 A!                                     
                    WARNING    CE  @ LYS(162) has shift 1.1095833744404142 > 1.0 A!                                     
                    WARNING    NZ  @ LYS(162) has shift 1.8802771302729513 > 1.0 A!                                     
                    WARNING    OE2 @ GLU(103) has shift 1.0790379598831914 > 1.0 A!                                     
                    WARNING    CZ  @ ARG(112) has shift 1.4241725326624055 > 1.0 A!                                     
                    WARNING    NH1 @ ARG(112) has shift 2.1019265810949563 > 1.0 A!                                     
                    WARNING    NH2 @ ARG(112) has shift 1.403134374142045 > 1.0 A!                                      
                    WARNING    CD1 @ LEU(114) has shift 1.5667748618493886 > 1.0 A!                                     
                    WARNING    CE3 @ TRP(102) has shift 1.2691858830790403 > 1.0 A!                                     
                    WARNING    CZ2 @ TRP(102) has shift 1.3450778463766804 > 1.0 A!                                     
                    WARNING    CZ3 @ TRP(102) has shift 1.6145609971398602 > 1.0 A!                                     
                    WARNING    CH2 @ TRP(102) has shift 1.6279171978071298 > 1.0 A!                                     
                    INFO      Done: 1 / 2                                                                               
[02/02/25 23:08:36] INFO      Done: 2 / 2                                                                               
[02/02/25 23:16:34] INFO      Done: 1 / 1                                                                               
[02/02/25 23:16:40] INFO      Done: 1 / 1                                                                               
[02/02/25 23:16:41] INFO      Nothing to do: path '2V8Xtrial/MGQ/initial' was already computed with program 'xtb'!      
[02/02/25 23:16:41] INFO      Nothing to do: path '2V8Xtrial/MGQ/no_opt' was already computed with program 'xtb'!       
[02/02/25 23:16:41] INFO      Done: 1 / 3                                                                               
                    INFO      Done: 2 / 3                                                                               
[02/02/25 23:16:42] INFO      Done: 3 / 3                                                                               
[02/02/25 23:16:43] INFO      Better structure was found at 0 iteration!                                                
[02/02/25 23:16:44] INFO      Nothing to do: path '2V8Xtrial/MGQ_repl/initial' was already computed with program 'xtb'! 
[02/02/25 23:16:44] INFO      Done: 1 / 2                                                                               
[02/02/25 23:16:45] INFO      Done: 2 / 2                                                                               
                    INFO      Better structure was not found at 1 iteration!                                            
                    INFO      Nothing to do: path '2V8Xtrial/MGQ/rev0' was already computed with program 'xtb'!         
                    INFO      Nothing to do: path '2V8Xtrial/MGQ/no_opt' was already computed with program 'xtb'!       
                    INFO      Nothing to do: path '2V8Xtrial/MGQ/initial' was already computed with program 'xtb'!      
                    INFO      Done: 1 / 4                                                                               
                    INFO      Done: 2 / 4                                                                               
                    INFO      Done: 3 / 4                                                                               
[02/02/25 23:16:46] INFO      Done: 4 / 4                                                                               
[02/02/25 23:16:47] INFO      Better structure was found at 2 iteration!                                                
                    INFO      Nothing to do: path '2V8Xtrial/MGQ_repl/initial' was already computed with program 'xtb'! 
                    INFO      Nothing to do: path '2V8Xtrial/MGQ_repl/rev1' was already computed with program 'xtb'!    
                    INFO      Done: 1 / 3                                                                               
                    INFO      Done: 2 / 3                                                                               
[02/02/25 23:16:48] INFO      Done: 3 / 3                                                                               
[02/02/25 23:16:49] INFO      Better structure was not found at 3 iteration!                                            
                    INFO      Nothing to do: path '2V8Xtrial/MGQ/rev0' was already computed with program 'xtb'!         
                    INFO      Nothing to do: path '2V8Xtrial/MGQ/rev2' was already computed with program 'xtb'!         
                    INFO      Nothing to do: path '2V8Xtrial/MGQ/no_opt' was already computed with program 'xtb'!       
                    INFO      Nothing to do: path '2V8Xtrial/MGQ/initial' was already computed with program 'xtb'!      
                    INFO      Done: 1 / 5                                                                               
                    INFO      Done: 2 / 5                                                                               
                    INFO      Done: 3 / 5                                                                               
                    INFO      Done: 4 / 5                                                                               
[02/02/25 23:16:50] INFO      Done: 5 / 5                                                                               
[02/02/25 23:16:51] INFO      Better structure was found at 4 iteration!                                                
                    INFO      Nothing to do: path '2V8Xtrial/MGQ_repl/initial' was already computed with program 'xtb'! 
                    INFO      Nothing to do: path '2V8Xtrial/MGQ_repl/rev1' was already computed with program 'xtb'!    
                    INFO      Nothing to do: path '2V8Xtrial/MGQ_repl/rev3' was already computed with program 'xtb'!    
                    INFO      Done: 1 / 4                                                                               
                    INFO      Done: 2 / 4                                                                               
                    INFO      Done: 3 / 4                                                                               
[02/02/25 23:16:52] INFO      Done: 4 / 4                                                                               
[02/02/25 23:16:53] INFO      Better structure was not found!                                                           
                    INFO      Done: 1 / 2                                                                               
[02/02/25 23:16:59] INFO      Done: 2 / 2                                                                               
[02/02/25 23:17:00] INFO      Done: 1 / 2                                                                               
[02/02/25 23:17:07] INFO      Done: 2 / 2                                                                               
[02/02/25 23:17:08]                                                                                                     
                    2V8X to 2V8Y                                                                                        
                                                                                                                        
                    Energy of complex 1 after optimization: -697.84919 h                                                
                    Energy of ligand 1 after optimization: -96.38567 h                                                  
                    Energy of ligand 1 in dot: -96.36690 h                                                              
                    Energy of protein 1 in dot: -601.37746 h                                                            
                                                                                                                        
                                                                                                                        
                    Energy of complex 2 after optimization: -702.07667 h                                                
                    Energy of ligand 2 after optimization: -100.61633 h                                                 
                    Energy of ligand 2 in dot: -100.59774 h                                                             
                    Energy of protein 2 in dot: -601.37474 h                                                            
                                                                                                                        
                                                                                                                        
                    Relative binding energy, ddG (dG(ligand 2) - dG(ligand 1)): 2.00 kcal/mol                           
                                                                                                                        
                                                                                                                        
                    Activity ratio, exp(-ddG/RT): 0.03                                                                  
                                                                                                                        
                                                                                                                        
                                                                                                                        
                    TOTAL RUN TIME: 0:51:12.085976                                                                      
                    ---------------------------------------- NORMAL TERMINATION ----------------------------------------
